INFO:root:
----------parameters----------
seed: 0
output_path: ./outputs/fem
debug: False
grid_size: 100
INFO:root:
----------parameters----------
seed: 0
output_path: ./outputs/fem
debug: True
grid_size: 10
INFO:root:
----------parameters----------
seed: 0
output_path: ./outputs/fem
debug: True
grid_size: 10
INFO:root:
----------parameters----------
seed: 0
output_path: ./outputs/fem
debug: True
grid_size: 10
INFO:root:
----------parameters----------
seed: 0
output_path: ./outputs/fem
debug: True
grid_size: 10
INFO:root:Convert (10, 10) into (100, 1)
INFO:root:
----------parameters----------
seed: 0
output_path: ./outputs/fem
debug: True
grid_size: 10
INFO:root:-----Operation-----
INFO:root:Convert (10, 10) into (100, 1)
INFO:root:
----------parameters----------
seed: 0
output_path: ./outputs/fem
debug: True
grid_size: 10
INFO:root:
-----Operation-----
INFO:root:Convert (10, 10) into (100, 1)
INFO:root:
----------parameters----------
seed: 0
output_path: ./outputs/fem
debug: True
grid_size: 10
INFO:root:
----------Operation----------
 Convert (10, 10) into (100, 1)
INFO:root:
----------parameters----------
seed: 0
output_path: ./outputs/fem
debug: True
grid_size: 10
INFO:root:
----------Operation----------
Convert (10, 10) into (100, 1)
INFO:root:
----------parameters----------
seed: 0
output_path: ./outputs/fem
debug: True
grid_size: 10
INFO:root:
----------Operation----------
Convert (10, 10) into (100, 1)
INFO:root:
----------parameters----------
seed: 0
output_path: ./outputs/fem
debug: True
grid_size: 10
INFO:root:
----------Operation----------
Convert (10, 10) into (100, 1)
INFO:root:Matrix D:

 [[ 2. -1.  0.  0.  0.  0.  0.  0.  0.  0.]
 [-1.  2. -1.  0.  0.  0.  0.  0.  0.  0.]
 [ 0. -1.  2. -1.  0.  0.  0.  0.  0.  0.]
 [ 0.  0. -1.  2. -1.  0.  0.  0.  0.  0.]
 [ 0.  0.  0. -1.  2. -1.  0.  0.  0.  0.]
 [ 0.  0.  0.  0. -1.  2. -1.  0.  0.  0.]
 [ 0.  0.  0.  0.  0. -1.  2. -1.  0.  0.]
 [ 0.  0.  0.  0.  0.  0. -1.  2. -1.  0.]
 [ 0.  0.  0.  0.  0.  0.  0. -1.  2. -1.]
 [ 0.  0.  0.  0.  0.  0.  0.  0. -1.  2.]]
INFO:root:
with the shape (10, 10)
INFO:root:
----------parameters----------
seed: 0
output_path: ./outputs/fem
debug: True
grid_size: 10
INFO:root:
----------Operation----------
Convert (10, 10) into (100, 1)
INFO:root:Matrix D:
[[ 2. -1.  0.  0.  0.  0.  0.  0.  0.  0.]
 [-1.  2. -1.  0.  0.  0.  0.  0.  0.  0.]
 [ 0. -1.  2. -1.  0.  0.  0.  0.  0.  0.]
 [ 0.  0. -1.  2. -1.  0.  0.  0.  0.  0.]
 [ 0.  0.  0. -1.  2. -1.  0.  0.  0.  0.]
 [ 0.  0.  0.  0. -1.  2. -1.  0.  0.  0.]
 [ 0.  0.  0.  0.  0. -1.  2. -1.  0.  0.]
 [ 0.  0.  0.  0.  0.  0. -1.  2. -1.  0.]
 [ 0.  0.  0.  0.  0.  0.  0. -1.  2. -1.]
 [ 0.  0.  0.  0.  0.  0.  0.  0. -1.  2.]]
INFO:root:
with the shape (10, 10)
INFO:root:
----------parameters----------
seed: 0
output_path: ./outputs/fem
debug: True
grid_size: 10
INFO:root:Convert (10, 10) into (100, 1)
INFO:root:Matrix D:
[[ 2. -1.  0.  0.  0.  0.  0.  0.  0.  0.]
 [-1.  2. -1.  0.  0.  0.  0.  0.  0.  0.]
 [ 0. -1.  2. -1.  0.  0.  0.  0.  0.  0.]
 [ 0.  0. -1.  2. -1.  0.  0.  0.  0.  0.]
 [ 0.  0.  0. -1.  2. -1.  0.  0.  0.  0.]
 [ 0.  0.  0.  0. -1.  2. -1.  0.  0.  0.]
 [ 0.  0.  0.  0.  0. -1.  2. -1.  0.  0.]
 [ 0.  0.  0.  0.  0.  0. -1.  2. -1.  0.]
 [ 0.  0.  0.  0.  0.  0.  0. -1.  2. -1.]
 [ 0.  0.  0.  0.  0.  0.  0.  0. -1.  2.]]
INFO:root:
with the shape (10, 10)
INFO:root:
----------parameters----------
seed: 0
output_path: ./outputs/fem
debug: True
grid_size: 10
INFO:root:Convert (10, 10) into (100, 1)
INFO:root:Matrix D:
[[ 2. -1.  0.  0.  0.  0.  0.  0.  0.  0.]
 [-1.  2. -1.  0.  0.  0.  0.  0.  0.  0.]
 [ 0. -1.  2. -1.  0.  0.  0.  0.  0.  0.]
 [ 0.  0. -1.  2. -1.  0.  0.  0.  0.  0.]
 [ 0.  0.  0. -1.  2. -1.  0.  0.  0.  0.]
 [ 0.  0.  0.  0. -1.  2. -1.  0.  0.  0.]
 [ 0.  0.  0.  0.  0. -1.  2. -1.  0.  0.]
 [ 0.  0.  0.  0.  0.  0. -1.  2. -1.  0.]
 [ 0.  0.  0.  0.  0.  0.  0. -1.  2. -1.]
 [ 0.  0.  0.  0.  0.  0.  0.  0. -1.  2.]] 
with the shape (10, 10)
INFO:root:
----------parameters----------
seed: 0
output_path: ./outputs/fem
debug: True
grid_size: 10
INFO:root:Convert (10, 10) into (100, 1)
INFO:root:
Matrix D:
[[ 2. -1.  0.  0.  0.  0.  0.  0.  0.  0.]
 [-1.  2. -1.  0.  0.  0.  0.  0.  0.  0.]
 [ 0. -1.  2. -1.  0.  0.  0.  0.  0.  0.]
 [ 0.  0. -1.  2. -1.  0.  0.  0.  0.  0.]
 [ 0.  0.  0. -1.  2. -1.  0.  0.  0.  0.]
 [ 0.  0.  0.  0. -1.  2. -1.  0.  0.  0.]
 [ 0.  0.  0.  0.  0. -1.  2. -1.  0.  0.]
 [ 0.  0.  0.  0.  0.  0. -1.  2. -1.  0.]
 [ 0.  0.  0.  0.  0.  0.  0. -1.  2. -1.]
 [ 0.  0.  0.  0.  0.  0.  0.  0. -1.  2.]] 
with the shape (10, 10)
INFO:root:
----------parameters----------
seed: 0
output_path: ./outputs/fem
debug: True
grid_size: 10
INFO:root:Convert (10, 10) into (100, 1)
INFO:root:
Matrix D:
[[ 2. -1.  0.  0.  0.  0.  0.  0.  0.  0.]
 [-1.  2. -1.  0.  0.  0.  0.  0.  0.  0.]
 [ 0. -1.  2. -1.  0.  0.  0.  0.  0.  0.]
 [ 0.  0. -1.  2. -1.  0.  0.  0.  0.  0.]
 [ 0.  0.  0. -1.  2. -1.  0.  0.  0.  0.]
 [ 0.  0.  0.  0. -1.  2. -1.  0.  0.  0.]
 [ 0.  0.  0.  0.  0. -1.  2. -1.  0.  0.]
 [ 0.  0.  0.  0.  0.  0. -1.  2. -1.  0.]
 [ 0.  0.  0.  0.  0.  0.  0. -1.  2. -1.]
 [ 0.  0.  0.  0.  0.  0.  0.  0. -1.  2.]] 
with the shape (10, 10)
INFO:root:
Matrix A:
[[ 4. -1.  0. ...  0.  0.  0.]
 [-1.  4. -1. ...  0.  0.  0.]
 [ 0. -1.  4. ...  0.  0.  0.]
 ...
 [ 0.  0.  0. ...  4. -1.  0.]
 [ 0.  0.  0. ... -1.  4. -1.]
 [ 0.  0.  0. ...  0. -1.  4.]] 
with the shape (100, 100)
INFO:root:
----------parameters----------
seed: 0
output_path: ./outputs/fem
debug: True
grid_size: 10
INFO:root:Convert (10, 10) into (100, 1)
INFO:root:
Matrix D:
[[ 2. -1.  0.  0.  0.  0.  0.  0.  0.  0.]
 [-1.  2. -1.  0.  0.  0.  0.  0.  0.  0.]
 [ 0. -1.  2. -1.  0.  0.  0.  0.  0.  0.]
 [ 0.  0. -1.  2. -1.  0.  0.  0.  0.  0.]
 [ 0.  0.  0. -1.  2. -1.  0.  0.  0.  0.]
 [ 0.  0.  0.  0. -1.  2. -1.  0.  0.  0.]
 [ 0.  0.  0.  0.  0. -1.  2. -1.  0.  0.]
 [ 0.  0.  0.  0.  0.  0. -1.  2. -1.  0.]
 [ 0.  0.  0.  0.  0.  0.  0. -1.  2. -1.]
 [ 0.  0.  0.  0.  0.  0.  0.  0. -1.  2.]] 
with the shape (10, 10)
INFO:root:
Matrix A:
[[ 4. -1.  0. ...  0.  0.  0.]
 [-1.  4. -1. ...  0.  0.  0.]
 [ 0. -1.  4. ...  0.  0.  0.]
 ...
 [ 0.  0.  0. ...  4. -1.  0.]
 [ 0.  0.  0. ... -1.  4. -1.]
 [ 0.  0.  0. ...  0. -1.  4.]] 
with the shape (100, 100)
INFO:root:
----------parameters----------
seed: 0
output_path: ./outputs/fem
debug: True
grid_size: 10
INFO:root:Convert (10, 10) into (100, 1)
INFO:root:
Matrix D:
[[ 2. -1.  0.  0.  0.  0.  0.  0.  0.  0.]
 [-1.  2. -1.  0.  0.  0.  0.  0.  0.  0.]
 [ 0. -1.  2. -1.  0.  0.  0.  0.  0.  0.]
 [ 0.  0. -1.  2. -1.  0.  0.  0.  0.  0.]
 [ 0.  0.  0. -1.  2. -1.  0.  0.  0.  0.]
 [ 0.  0.  0.  0. -1.  2. -1.  0.  0.  0.]
 [ 0.  0.  0.  0.  0. -1.  2. -1.  0.  0.]
 [ 0.  0.  0.  0.  0.  0. -1.  2. -1.  0.]
 [ 0.  0.  0.  0.  0.  0.  0. -1.  2. -1.]
 [ 0.  0.  0.  0.  0.  0.  0.  0. -1.  2.]] 
with the shape (10, 10)
INFO:root:
Matrix A:
[[ 4. -1.  0. ...  0.  0.  0.]
 [-1.  4. -1. ...  0.  0.  0.]
 [ 0. -1.  4. ...  0.  0.  0.]
 ...
 [ 0.  0.  0. ...  4. -1.  0.]
 [ 0.  0.  0. ... -1.  4. -1.]
 [ 0.  0.  0. ...  0. -1.  4.]] 
with the shape (100, 100)
INFO:root:
----------parameters----------
seed: 0
output_path: ./outputs/fem
debug: True
grid_size: 10
INFO:root:Convert (10, 10) into (100, 1)
INFO:root:
Matrix D:
[[ 2. -1.  0.  0.  0.  0.  0.  0.  0.  0.]
 [-1.  2. -1.  0.  0.  0.  0.  0.  0.  0.]
 [ 0. -1.  2. -1.  0.  0.  0.  0.  0.  0.]
 [ 0.  0. -1.  2. -1.  0.  0.  0.  0.  0.]
 [ 0.  0.  0. -1.  2. -1.  0.  0.  0.  0.]
 [ 0.  0.  0.  0. -1.  2. -1.  0.  0.  0.]
 [ 0.  0.  0.  0.  0. -1.  2. -1.  0.  0.]
 [ 0.  0.  0.  0.  0.  0. -1.  2. -1.  0.]
 [ 0.  0.  0.  0.  0.  0.  0. -1.  2. -1.]
 [ 0.  0.  0.  0.  0.  0.  0.  0. -1.  2.]] 
with the shape (10, 10)
INFO:root:
Matrix A:
[[ 4. -1.  0. ...  0.  0.  0.]
 [-1.  4. -1. ...  0.  0.  0.]
 [ 0. -1.  4. ...  0.  0.  0.]
 ...
 [ 0.  0.  0. ...  4. -1.  0.]
 [ 0.  0.  0. ... -1.  4. -1.]
 [ 0.  0.  0. ...  0. -1.  4.]] 
with the shape (100, 100)
INFO:root:
----------parameters----------
seed: 0
output_path: ./outputs/fem
debug: True
grid_size: 10
INFO:root:Convert (10, 10) into (100, 1)
INFO:root:
Matrix D:
[[ 2. -1.  0.  0.  0.  0.  0.  0.  0.  0.]
 [-1.  2. -1.  0.  0.  0.  0.  0.  0.  0.]
 [ 0. -1.  2. -1.  0.  0.  0.  0.  0.  0.]
 [ 0.  0. -1.  2. -1.  0.  0.  0.  0.  0.]
 [ 0.  0.  0. -1.  2. -1.  0.  0.  0.  0.]
 [ 0.  0.  0.  0. -1.  2. -1.  0.  0.  0.]
 [ 0.  0.  0.  0.  0. -1.  2. -1.  0.  0.]
 [ 0.  0.  0.  0.  0.  0. -1.  2. -1.  0.]
 [ 0.  0.  0.  0.  0.  0.  0. -1.  2. -1.]
 [ 0.  0.  0.  0.  0.  0.  0.  0. -1.  2.]] 
with the shape (10, 10)
INFO:root:
Matrix A:
[[ 4. -1.  0. ...  0.  0.  0.]
 [-1.  4. -1. ...  0.  0.  0.]
 [ 0. -1.  4. ...  0.  0.  0.]
 ...
 [ 0.  0.  0. ...  4. -1.  0.]
 [ 0.  0.  0. ... -1.  4. -1.]
 [ 0.  0.  0. ...  0. -1.  4.]] 
with the shape (100, 100)
INFO:root:
----------parameters----------
seed: 0
output_path: ./outputs/fem
debug: True
grid_size: 10
INFO:root:Convert (10, 10) into (100, 1)
INFO:root:
Matrix D:
[[ 2. -1.  0.  0.  0.  0.  0.  0.  0.  0.]
 [-1.  2. -1.  0.  0.  0.  0.  0.  0.  0.]
 [ 0. -1.  2. -1.  0.  0.  0.  0.  0.  0.]
 [ 0.  0. -1.  2. -1.  0.  0.  0.  0.  0.]
 [ 0.  0.  0. -1.  2. -1.  0.  0.  0.  0.]
 [ 0.  0.  0.  0. -1.  2. -1.  0.  0.  0.]
 [ 0.  0.  0.  0.  0. -1.  2. -1.  0.  0.]
 [ 0.  0.  0.  0.  0.  0. -1.  2. -1.  0.]
 [ 0.  0.  0.  0.  0.  0.  0. -1.  2. -1.]
 [ 0.  0.  0.  0.  0.  0.  0.  0. -1.  2.]] 
with the shape (10, 10)
INFO:root:
Matrix A:
[[ 4. -1.  0. ...  0.  0.  0.]
 [-1.  4. -1. ...  0.  0.  0.]
 [ 0. -1.  4. ...  0.  0.  0.]
 ...
 [ 0.  0.  0. ...  4. -1.  0.]
 [ 0.  0.  0. ... -1.  4. -1.]
 [ 0.  0.  0. ...  0. -1.  4.]] 
with the shape (100, 100)
INFO:root:
----------parameters----------
seed: 0
output_path: ./outputs/fem
debug: True
grid_size: 10
INFO:root:Convert (10, 10) into (100, 1)
INFO:root:
Matrix D:
[[ 2. -1.  0.  0.  0.  0.  0.  0.  0.  0.]
 [-1.  2. -1.  0.  0.  0.  0.  0.  0.  0.]
 [ 0. -1.  2. -1.  0.  0.  0.  0.  0.  0.]
 [ 0.  0. -1.  2. -1.  0.  0.  0.  0.  0.]
 [ 0.  0.  0. -1.  2. -1.  0.  0.  0.  0.]
 [ 0.  0.  0.  0. -1.  2. -1.  0.  0.  0.]
 [ 0.  0.  0.  0.  0. -1.  2. -1.  0.  0.]
 [ 0.  0.  0.  0.  0.  0. -1.  2. -1.  0.]
 [ 0.  0.  0.  0.  0.  0.  0. -1.  2. -1.]
 [ 0.  0.  0.  0.  0.  0.  0.  0. -1.  2.]] 
with the shape (10, 10)
INFO:root:
Matrix A:
[[ 4. -1.  0. ...  0.  0.  0.]
 [-1.  4. -1. ...  0.  0.  0.]
 [ 0. -1.  4. ...  0.  0.  0.]
 ...
 [ 0.  0.  0. ...  4. -1.  0.]
 [ 0.  0.  0. ... -1.  4. -1.]
 [ 0.  0.  0. ...  0. -1.  4.]] 
with the shape (100, 100)
INFO:root:
----------parameters----------
seed: 0
output_path: ./outputs/fem
debug: True
grid_size: 10
INFO:root:Convert (10, 10) into (100, 1)
INFO:root:
Matrix D:
[[ 2. -1.  0.  0.  0.  0.  0.  0.  0.  0.]
 [-1.  2. -1.  0.  0.  0.  0.  0.  0.  0.]
 [ 0. -1.  2. -1.  0.  0.  0.  0.  0.  0.]
 [ 0.  0. -1.  2. -1.  0.  0.  0.  0.  0.]
 [ 0.  0.  0. -1.  2. -1.  0.  0.  0.  0.]
 [ 0.  0.  0.  0. -1.  2. -1.  0.  0.  0.]
 [ 0.  0.  0.  0.  0. -1.  2. -1.  0.  0.]
 [ 0.  0.  0.  0.  0.  0. -1.  2. -1.  0.]
 [ 0.  0.  0.  0.  0.  0.  0. -1.  2. -1.]
 [ 0.  0.  0.  0.  0.  0.  0.  0. -1.  2.]] 
with the shape (10, 10)
INFO:root:
Matrix A:
[[ 4. -1.  0. ...  0.  0.  0.]
 [-1.  4. -1. ...  0.  0.  0.]
 [ 0. -1.  4. ...  0.  0.  0.]
 ...
 [ 0.  0.  0. ...  4. -1.  0.]
 [ 0.  0.  0. ... -1.  4. -1.]
 [ 0.  0.  0. ...  0. -1.  4.]] 
with the shape (100, 100)
INFO:root:
----------parameters----------
seed: 0
output_path: ./outputs/fem
debug: True
grid_size: 10
INFO:root:Convert (10, 10) into (100, 1)
INFO:root:
Matrix D:
[[ 2. -1.  0.  0.  0.  0.  0.  0.  0.  0.]
 [-1.  2. -1.  0.  0.  0.  0.  0.  0.  0.]
 [ 0. -1.  2. -1.  0.  0.  0.  0.  0.  0.]
 [ 0.  0. -1.  2. -1.  0.  0.  0.  0.  0.]
 [ 0.  0.  0. -1.  2. -1.  0.  0.  0.  0.]
 [ 0.  0.  0.  0. -1.  2. -1.  0.  0.  0.]
 [ 0.  0.  0.  0.  0. -1.  2. -1.  0.  0.]
 [ 0.  0.  0.  0.  0.  0. -1.  2. -1.  0.]
 [ 0.  0.  0.  0.  0.  0.  0. -1.  2. -1.]
 [ 0.  0.  0.  0.  0.  0.  0.  0. -1.  2.]] 
with the shape (10, 10)
INFO:root:
Matrix A:
[[ 4. -1.  0. ...  0.  0.  0.]
 [-1.  4. -1. ...  0.  0.  0.]
 [ 0. -1.  4. ...  0.  0.  0.]
 ...
 [ 0.  0.  0. ...  4. -1.  0.]
 [ 0.  0.  0. ... -1.  4. -1.]
 [ 0.  0.  0. ...  0. -1.  4.]] 
with the shape (100, 100)
INFO:root:
----------parameters----------
seed: 0
output_path: ./outputs/fem
debug: True
grid_size: 10
INFO:root:Convert (10, 10) into (100, 1)
INFO:root:
Matrix D:
[[ 2. -1.  0.  0.  0.  0.  0.  0.  0.  0.]
 [-1.  2. -1.  0.  0.  0.  0.  0.  0.  0.]
 [ 0. -1.  2. -1.  0.  0.  0.  0.  0.  0.]
 [ 0.  0. -1.  2. -1.  0.  0.  0.  0.  0.]
 [ 0.  0.  0. -1.  2. -1.  0.  0.  0.  0.]
 [ 0.  0.  0.  0. -1.  2. -1.  0.  0.  0.]
 [ 0.  0.  0.  0.  0. -1.  2. -1.  0.  0.]
 [ 0.  0.  0.  0.  0.  0. -1.  2. -1.  0.]
 [ 0.  0.  0.  0.  0.  0.  0. -1.  2. -1.]
 [ 0.  0.  0.  0.  0.  0.  0.  0. -1.  2.]] 
with the shape (10, 10)
INFO:root:
Matrix A:
[[ 4. -1.  0. ...  0.  0.  0.]
 [-1.  4. -1. ...  0.  0.  0.]
 [ 0. -1.  4. ...  0.  0.  0.]
 ...
 [ 0.  0.  0. ...  4. -1.  0.]
 [ 0.  0.  0. ... -1.  4. -1.]
 [ 0.  0.  0. ...  0. -1.  4.]] 
with the shape (100, 100)
INFO:root:
----------parameters----------
seed: 0
output_path: ./outputs/fem
debug: True
grid_size: 10
INFO:root:Convert (10, 10) into (100, 1)
INFO:root:
Matrix D:
[[ 2. -1.  0.  0.  0.  0.  0.  0.  0.  0.]
 [-1.  2. -1.  0.  0.  0.  0.  0.  0.  0.]
 [ 0. -1.  2. -1.  0.  0.  0.  0.  0.  0.]
 [ 0.  0. -1.  2. -1.  0.  0.  0.  0.  0.]
 [ 0.  0.  0. -1.  2. -1.  0.  0.  0.  0.]
 [ 0.  0.  0.  0. -1.  2. -1.  0.  0.  0.]
 [ 0.  0.  0.  0.  0. -1.  2. -1.  0.  0.]
 [ 0.  0.  0.  0.  0.  0. -1.  2. -1.  0.]
 [ 0.  0.  0.  0.  0.  0.  0. -1.  2. -1.]
 [ 0.  0.  0.  0.  0.  0.  0.  0. -1.  2.]] 
with the shape (10, 10)
INFO:root:
Matrix A:
[[ 4. -1.  0. ...  0.  0.  0.]
 [-1.  4. -1. ...  0.  0.  0.]
 [ 0. -1.  4. ...  0.  0.  0.]
 ...
 [ 0.  0.  0. ...  4. -1.  0.]
 [ 0.  0.  0. ... -1.  4. -1.]
 [ 0.  0.  0. ...  0. -1.  4.]] 
with the shape (100, 100)
INFO:root:
----------parameters----------
seed: 0
output_path: ./outputs/fem
debug: True
grid_size: 10
INFO:root:Convert (10, 10) into (100, 1)
INFO:root:
Matrix D:
[[ 2. -1.  0.  0.  0.  0.  0.  0.  0.  0.]
 [-1.  2. -1.  0.  0.  0.  0.  0.  0.  0.]
 [ 0. -1.  2. -1.  0.  0.  0.  0.  0.  0.]
 [ 0.  0. -1.  2. -1.  0.  0.  0.  0.  0.]
 [ 0.  0.  0. -1.  2. -1.  0.  0.  0.  0.]
 [ 0.  0.  0.  0. -1.  2. -1.  0.  0.  0.]
 [ 0.  0.  0.  0.  0. -1.  2. -1.  0.  0.]
 [ 0.  0.  0.  0.  0.  0. -1.  2. -1.  0.]
 [ 0.  0.  0.  0.  0.  0.  0. -1.  2. -1.]
 [ 0.  0.  0.  0.  0.  0.  0.  0. -1.  2.]] 
with the shape (10, 10)
INFO:root:
Matrix A:
[[ 4. -1.  0. ...  0.  0.  0.]
 [-1.  4. -1. ...  0.  0.  0.]
 [ 0. -1.  4. ...  0.  0.  0.]
 ...
 [ 0.  0.  0. ...  4. -1.  0.]
 [ 0.  0.  0. ... -1.  4. -1.]
 [ 0.  0.  0. ...  0. -1.  4.]] 
with the shape (100, 100)
INFO:root:
----------parameters----------
seed: 0
output_path: ./outputs/fem
debug: True
grid_size: 10
INFO:root:Convert (10, 10) into (100, 1)
INFO:root:
Matrix D:
[[ 2. -1.  0.  0.  0.  0.  0.  0.  0.  0.]
 [-1.  2. -1.  0.  0.  0.  0.  0.  0.  0.]
 [ 0. -1.  2. -1.  0.  0.  0.  0.  0.  0.]
 [ 0.  0. -1.  2. -1.  0.  0.  0.  0.  0.]
 [ 0.  0.  0. -1.  2. -1.  0.  0.  0.  0.]
 [ 0.  0.  0.  0. -1.  2. -1.  0.  0.  0.]
 [ 0.  0.  0.  0.  0. -1.  2. -1.  0.  0.]
 [ 0.  0.  0.  0.  0.  0. -1.  2. -1.  0.]
 [ 0.  0.  0.  0.  0.  0.  0. -1.  2. -1.]
 [ 0.  0.  0.  0.  0.  0.  0.  0. -1.  2.]] 
with the shape (10, 10)
INFO:root:
Matrix A:
[[ 4. -1.  0. ...  0.  0.  0.]
 [-1.  4. -1. ...  0.  0.  0.]
 [ 0. -1.  4. ...  0.  0.  0.]
 ...
 [ 0.  0.  0. ...  4. -1.  0.]
 [ 0.  0.  0. ... -1.  4. -1.]
 [ 0.  0.  0. ...  0. -1.  4.]] 
with the shape (100, 100)
INFO:root:
----------parameters----------
seed: 0
output_path: ./outputs/fem
debug: True
grid_size: 10
INFO:root:Convert (10, 10) into (100, 1)
INFO:root:
Matrix D:
[[ 2. -1.  0.  0.  0.  0.  0.  0.  0.  0.]
 [-1.  2. -1.  0.  0.  0.  0.  0.  0.  0.]
 [ 0. -1.  2. -1.  0.  0.  0.  0.  0.  0.]
 [ 0.  0. -1.  2. -1.  0.  0.  0.  0.  0.]
 [ 0.  0.  0. -1.  2. -1.  0.  0.  0.  0.]
 [ 0.  0.  0.  0. -1.  2. -1.  0.  0.  0.]
 [ 0.  0.  0.  0.  0. -1.  2. -1.  0.  0.]
 [ 0.  0.  0.  0.  0.  0. -1.  2. -1.  0.]
 [ 0.  0.  0.  0.  0.  0.  0. -1.  2. -1.]
 [ 0.  0.  0.  0.  0.  0.  0.  0. -1.  2.]] 
with the shape (10, 10)
INFO:root:
Matrix A:
[[ 4. -1.  0. ...  0.  0.  0.]
 [-1.  4. -1. ...  0.  0.  0.]
 [ 0. -1.  4. ...  0.  0.  0.]
 ...
 [ 0.  0.  0. ...  4. -1.  0.]
 [ 0.  0.  0. ... -1.  4. -1.]
 [ 0.  0.  0. ...  0. -1.  4.]] 
with the shape (100, 100)
INFO:root:
----------parameters----------
seed: 0
output_path: ./outputs/fem
debug: True
grid_size: 10
INFO:root:Convert (10, 10) into (100, 1)
INFO:root:
Matrix D:
[[ 2. -1.  0.  0.  0.  0.  0.  0.  0.  0.]
 [-1.  2. -1.  0.  0.  0.  0.  0.  0.  0.]
 [ 0. -1.  2. -1.  0.  0.  0.  0.  0.  0.]
 [ 0.  0. -1.  2. -1.  0.  0.  0.  0.  0.]
 [ 0.  0.  0. -1.  2. -1.  0.  0.  0.  0.]
 [ 0.  0.  0.  0. -1.  2. -1.  0.  0.  0.]
 [ 0.  0.  0.  0.  0. -1.  2. -1.  0.  0.]
 [ 0.  0.  0.  0.  0.  0. -1.  2. -1.  0.]
 [ 0.  0.  0.  0.  0.  0.  0. -1.  2. -1.]
 [ 0.  0.  0.  0.  0.  0.  0.  0. -1.  2.]] 
with the shape (10, 10)
INFO:root:
Matrix A:
[[ 4. -1.  0. ...  0.  0.  0.]
 [-1.  4. -1. ...  0.  0.  0.]
 [ 0. -1.  4. ...  0.  0.  0.]
 ...
 [ 0.  0.  0. ...  4. -1.  0.]
 [ 0.  0.  0. ... -1.  4. -1.]
 [ 0.  0.  0. ...  0. -1.  4.]] 
with the shape (100, 100)
INFO:root:
----------parameters----------
seed: 0
output_path: ./outputs/fem
debug: True
grid_size: 10
INFO:root:Convert (10, 10) into (100, 1)
INFO:root:
Matrix D:
[[ 2. -1.  0.  0.  0.  0.  0.  0.  0.  0.]
 [-1.  2. -1.  0.  0.  0.  0.  0.  0.  0.]
 [ 0. -1.  2. -1.  0.  0.  0.  0.  0.  0.]
 [ 0.  0. -1.  2. -1.  0.  0.  0.  0.  0.]
 [ 0.  0.  0. -1.  2. -1.  0.  0.  0.  0.]
 [ 0.  0.  0.  0. -1.  2. -1.  0.  0.  0.]
 [ 0.  0.  0.  0.  0. -1.  2. -1.  0.  0.]
 [ 0.  0.  0.  0.  0.  0. -1.  2. -1.  0.]
 [ 0.  0.  0.  0.  0.  0.  0. -1.  2. -1.]
 [ 0.  0.  0.  0.  0.  0.  0.  0. -1.  2.]] 
with the shape (10, 10)
INFO:root:
Matrix A:
[[ 4. -1.  0. ...  0.  0.  0.]
 [-1.  4. -1. ...  0.  0.  0.]
 [ 0. -1.  4. ...  0.  0.  0.]
 ...
 [ 0.  0.  0. ...  4. -1.  0.]
 [ 0.  0.  0. ... -1.  4. -1.]
 [ 0.  0.  0. ...  0. -1.  4.]] 
with the shape (100, 100)
INFO:root:
----------parameters----------
seed: 0
output_path: ./outputs/fem
debug: True
grid_size: 10
INFO:root:Convert (10, 10) into (100, 1)
INFO:root:
Matrix D:
[[ 2. -1.  0.  0.  0.  0.  0.  0.  0.  0.]
 [-1.  2. -1.  0.  0.  0.  0.  0.  0.  0.]
 [ 0. -1.  2. -1.  0.  0.  0.  0.  0.  0.]
 [ 0.  0. -1.  2. -1.  0.  0.  0.  0.  0.]
 [ 0.  0.  0. -1.  2. -1.  0.  0.  0.  0.]
 [ 0.  0.  0.  0. -1.  2. -1.  0.  0.  0.]
 [ 0.  0.  0.  0.  0. -1.  2. -1.  0.  0.]
 [ 0.  0.  0.  0.  0.  0. -1.  2. -1.  0.]
 [ 0.  0.  0.  0.  0.  0.  0. -1.  2. -1.]
 [ 0.  0.  0.  0.  0.  0.  0.  0. -1.  2.]] 
with the shape (10, 10)
INFO:root:
Matrix A:
[[ 4. -1.  0. ...  0.  0.  0.]
 [-1.  4. -1. ...  0.  0.  0.]
 [ 0. -1.  4. ...  0.  0.  0.]
 ...
 [ 0.  0.  0. ...  4. -1.  0.]
 [ 0.  0.  0. ... -1.  4. -1.]
 [ 0.  0.  0. ...  0. -1.  4.]] 
with the shape (100, 100)
INFO:root:
----------parameters----------
seed: 0
output_path: ./outputs/fem
debug: True
grid_size: 10
INFO:root:Convert (10, 10) into (100, 1)
INFO:root:
Matrix D:
[[ 2. -1.  0.  0.  0.  0.  0.  0.  0.  0.]
 [-1.  2. -1.  0.  0.  0.  0.  0.  0.  0.]
 [ 0. -1.  2. -1.  0.  0.  0.  0.  0.  0.]
 [ 0.  0. -1.  2. -1.  0.  0.  0.  0.  0.]
 [ 0.  0.  0. -1.  2. -1.  0.  0.  0.  0.]
 [ 0.  0.  0.  0. -1.  2. -1.  0.  0.  0.]
 [ 0.  0.  0.  0.  0. -1.  2. -1.  0.  0.]
 [ 0.  0.  0.  0.  0.  0. -1.  2. -1.  0.]
 [ 0.  0.  0.  0.  0.  0.  0. -1.  2. -1.]
 [ 0.  0.  0.  0.  0.  0.  0.  0. -1.  2.]] 
with the shape (10, 10)
INFO:root:
Matrix A:
[[ 4. -1.  0. ...  0.  0.  0.]
 [-1.  4. -1. ...  0.  0.  0.]
 [ 0. -1.  4. ...  0.  0.  0.]
 ...
 [ 0.  0.  0. ...  4. -1.  0.]
 [ 0.  0.  0. ... -1.  4. -1.]
 [ 0.  0.  0. ...  0. -1.  4.]] 
with the shape (100, 100)
INFO:root:
----------parameters----------
seed: 0
output_path: ./outputs/fem
debug: True
grid_size: 10
INFO:root:Convert (10, 10) into (100, 1)
INFO:root:
Matrix D:
[[ 2. -1.  0.  0.  0.  0.  0.  0.  0.  0.]
 [-1.  2. -1.  0.  0.  0.  0.  0.  0.  0.]
 [ 0. -1.  2. -1.  0.  0.  0.  0.  0.  0.]
 [ 0.  0. -1.  2. -1.  0.  0.  0.  0.  0.]
 [ 0.  0.  0. -1.  2. -1.  0.  0.  0.  0.]
 [ 0.  0.  0.  0. -1.  2. -1.  0.  0.  0.]
 [ 0.  0.  0.  0.  0. -1.  2. -1.  0.  0.]
 [ 0.  0.  0.  0.  0.  0. -1.  2. -1.  0.]
 [ 0.  0.  0.  0.  0.  0.  0. -1.  2. -1.]
 [ 0.  0.  0.  0.  0.  0.  0.  0. -1.  2.]] 
with the shape (10, 10)
INFO:root:
Matrix A:
[[ 4. -1.  0. ...  0.  0.  0.]
 [-1.  4. -1. ...  0.  0.  0.]
 [ 0. -1.  4. ...  0.  0.  0.]
 ...
 [ 0.  0.  0. ...  4. -1.  0.]
 [ 0.  0.  0. ... -1.  4. -1.]
 [ 0.  0.  0. ...  0. -1.  4.]] 
with the shape (100, 100)
INFO:root:
----------parameters----------
seed: 0
output_path: ./outputs/fem
debug: False
grid_size: 30
INFO:root:Convert (30, 30) into (900, 1)
INFO:root:
Matrix D:
[[ 2. -1.  0.  0.  0.  0.  0.  0.  0.  0.  0.  0.  0.  0.  0.  0.  0.  0.
   0.  0.  0.  0.  0.  0.  0.  0.  0.  0.  0.  0.]
 [-1.  2. -1.  0.  0.  0.  0.  0.  0.  0.  0.  0.  0.  0.  0.  0.  0.  0.
   0.  0.  0.  0.  0.  0.  0.  0.  0.  0.  0.  0.]
 [ 0. -1.  2. -1.  0.  0.  0.  0.  0.  0.  0.  0.  0.  0.  0.  0.  0.  0.
   0.  0.  0.  0.  0.  0.  0.  0.  0.  0.  0.  0.]
 [ 0.  0. -1.  2. -1.  0.  0.  0.  0.  0.  0.  0.  0.  0.  0.  0.  0.  0.
   0.  0.  0.  0.  0.  0.  0.  0.  0.  0.  0.  0.]
 [ 0.  0.  0. -1.  2. -1.  0.  0.  0.  0.  0.  0.  0.  0.  0.  0.  0.  0.
   0.  0.  0.  0.  0.  0.  0.  0.  0.  0.  0.  0.]
 [ 0.  0.  0.  0. -1.  2. -1.  0.  0.  0.  0.  0.  0.  0.  0.  0.  0.  0.
   0.  0.  0.  0.  0.  0.  0.  0.  0.  0.  0.  0.]
 [ 0.  0.  0.  0.  0. -1.  2. -1.  0.  0.  0.  0.  0.  0.  0.  0.  0.  0.
   0.  0.  0.  0.  0.  0.  0.  0.  0.  0.  0.  0.]
 [ 0.  0.  0.  0.  0.  0. -1.  2. -1.  0.  0.  0.  0.  0.  0.  0.  0.  0.
   0.  0.  0.  0.  0.  0.  0.  0.  0.  0.  0.  0.]
 [ 0.  0.  0.  0.  0.  0.  0. -1.  2. -1.  0.  0.  0.  0.  0.  0.  0.  0.
   0.  0.  0.  0.  0.  0.  0.  0.  0.  0.  0.  0.]
 [ 0.  0.  0.  0.  0.  0.  0.  0. -1.  2. -1.  0.  0.  0.  0.  0.  0.  0.
   0.  0.  0.  0.  0.  0.  0.  0.  0.  0.  0.  0.]
 [ 0.  0.  0.  0.  0.  0.  0.  0.  0. -1.  2. -1.  0.  0.  0.  0.  0.  0.
   0.  0.  0.  0.  0.  0.  0.  0.  0.  0.  0.  0.]
 [ 0.  0.  0.  0.  0.  0.  0.  0.  0.  0. -1.  2. -1.  0.  0.  0.  0.  0.
   0.  0.  0.  0.  0.  0.  0.  0.  0.  0.  0.  0.]
 [ 0.  0.  0.  0.  0.  0.  0.  0.  0.  0.  0. -1.  2. -1.  0.  0.  0.  0.
   0.  0.  0.  0.  0.  0.  0.  0.  0.  0.  0.  0.]
 [ 0.  0.  0.  0.  0.  0.  0.  0.  0.  0.  0.  0. -1.  2. -1.  0.  0.  0.
   0.  0.  0.  0.  0.  0.  0.  0.  0.  0.  0.  0.]
 [ 0.  0.  0.  0.  0.  0.  0.  0.  0.  0.  0.  0.  0. -1.  2. -1.  0.  0.
   0.  0.  0.  0.  0.  0.  0.  0.  0.  0.  0.  0.]
 [ 0.  0.  0.  0.  0.  0.  0.  0.  0.  0.  0.  0.  0.  0. -1.  2. -1.  0.
   0.  0.  0.  0.  0.  0.  0.  0.  0.  0.  0.  0.]
 [ 0.  0.  0.  0.  0.  0.  0.  0.  0.  0.  0.  0.  0.  0.  0. -1.  2. -1.
   0.  0.  0.  0.  0.  0.  0.  0.  0.  0.  0.  0.]
 [ 0.  0.  0.  0.  0.  0.  0.  0.  0.  0.  0.  0.  0.  0.  0.  0. -1.  2.
  -1.  0.  0.  0.  0.  0.  0.  0.  0.  0.  0.  0.]
 [ 0.  0.  0.  0.  0.  0.  0.  0.  0.  0.  0.  0.  0.  0.  0.  0.  0. -1.
   2. -1.  0.  0.  0.  0.  0.  0.  0.  0.  0.  0.]
 [ 0.  0.  0.  0.  0.  0.  0.  0.  0.  0.  0.  0.  0.  0.  0.  0.  0.  0.
  -1.  2. -1.  0.  0.  0.  0.  0.  0.  0.  0.  0.]
 [ 0.  0.  0.  0.  0.  0.  0.  0.  0.  0.  0.  0.  0.  0.  0.  0.  0.  0.
   0. -1.  2. -1.  0.  0.  0.  0.  0.  0.  0.  0.]
 [ 0.  0.  0.  0.  0.  0.  0.  0.  0.  0.  0.  0.  0.  0.  0.  0.  0.  0.
   0.  0. -1.  2. -1.  0.  0.  0.  0.  0.  0.  0.]
 [ 0.  0.  0.  0.  0.  0.  0.  0.  0.  0.  0.  0.  0.  0.  0.  0.  0.  0.
   0.  0.  0. -1.  2. -1.  0.  0.  0.  0.  0.  0.]
 [ 0.  0.  0.  0.  0.  0.  0.  0.  0.  0.  0.  0.  0.  0.  0.  0.  0.  0.
   0.  0.  0.  0. -1.  2. -1.  0.  0.  0.  0.  0.]
 [ 0.  0.  0.  0.  0.  0.  0.  0.  0.  0.  0.  0.  0.  0.  0.  0.  0.  0.
   0.  0.  0.  0.  0. -1.  2. -1.  0.  0.  0.  0.]
 [ 0.  0.  0.  0.  0.  0.  0.  0.  0.  0.  0.  0.  0.  0.  0.  0.  0.  0.
   0.  0.  0.  0.  0.  0. -1.  2. -1.  0.  0.  0.]
 [ 0.  0.  0.  0.  0.  0.  0.  0.  0.  0.  0.  0.  0.  0.  0.  0.  0.  0.
   0.  0.  0.  0.  0.  0.  0. -1.  2. -1.  0.  0.]
 [ 0.  0.  0.  0.  0.  0.  0.  0.  0.  0.  0.  0.  0.  0.  0.  0.  0.  0.
   0.  0.  0.  0.  0.  0.  0.  0. -1.  2. -1.  0.]
 [ 0.  0.  0.  0.  0.  0.  0.  0.  0.  0.  0.  0.  0.  0.  0.  0.  0.  0.
   0.  0.  0.  0.  0.  0.  0.  0.  0. -1.  2. -1.]
 [ 0.  0.  0.  0.  0.  0.  0.  0.  0.  0.  0.  0.  0.  0.  0.  0.  0.  0.
   0.  0.  0.  0.  0.  0.  0.  0.  0.  0. -1.  2.]] 
with the shape (30, 30)
INFO:root:
Matrix A:
[[ 4. -1.  0. ...  0.  0.  0.]
 [-1.  4. -1. ...  0.  0.  0.]
 [ 0. -1.  4. ...  0.  0.  0.]
 ...
 [ 0.  0.  0. ...  4. -1.  0.]
 [ 0.  0.  0. ... -1.  4. -1.]
 [ 0.  0.  0. ...  0. -1.  4.]] 
with the shape (900, 900)
INFO:root:time elapsed: 0.328994s
INFO:root:
----------parameters----------
seed: 0
output_path: ./outputs/fem
debug: False
grid_size: 50
INFO:root:Convert (50, 50) into (2500, 1)
INFO:root:
Matrix D:
[[ 2. -1.  0. ...  0.  0.  0.]
 [-1.  2. -1. ...  0.  0.  0.]
 [ 0. -1.  2. ...  0.  0.  0.]
 ...
 [ 0.  0.  0. ...  2. -1.  0.]
 [ 0.  0.  0. ... -1.  2. -1.]
 [ 0.  0.  0. ...  0. -1.  2.]] 
with the shape (50, 50)
INFO:root:
Matrix A:
[[ 4. -1.  0. ...  0.  0.  0.]
 [-1.  4. -1. ...  0.  0.  0.]
 [ 0. -1.  4. ...  0.  0.  0.]
 ...
 [ 0.  0.  0. ...  4. -1.  0.]
 [ 0.  0.  0. ... -1.  4. -1.]
 [ 0.  0.  0. ...  0. -1.  4.]] 
with the shape (2500, 2500)
INFO:root:time elapsed: 2.316655s
INFO:root:
----------parameters----------
seed: 0
output_path: ./outputs/fem
debug: False
grid_size: 50
INFO:root:Convert (50, 50) into (2500, 1)
INFO:root:
Matrix D:
[[ 2. -1.  0. ...  0.  0.  0.]
 [-1.  2. -1. ...  0.  0.  0.]
 [ 0. -1.  2. ...  0.  0.  0.]
 ...
 [ 0.  0.  0. ...  2. -1.  0.]
 [ 0.  0.  0. ... -1.  2. -1.]
 [ 0.  0.  0. ...  0. -1.  2.]] 
with the shape (50, 50)
INFO:root:
Matrix A:
[[ 4. -1.  0. ...  0.  0.  0.]
 [-1.  4. -1. ...  0.  0.  0.]
 [ 0. -1.  4. ...  0.  0.  0.]
 ...
 [ 0.  0.  0. ...  4. -1.  0.]
 [ 0.  0.  0. ... -1.  4. -1.]
 [ 0.  0.  0. ...  0. -1.  4.]] 
with the shape (2500, 2500)
INFO:root:time elapsed: 1.631150s
INFO:root:
----------parameters----------
seed: 0
output_path: ./outputs/fem
debug: False
grid_size: 100
INFO:root:Convert (100, 100) into (10000, 1)
INFO:root:
Matrix D:
[[ 2. -1.  0. ...  0.  0.  0.]
 [-1.  2. -1. ...  0.  0.  0.]
 [ 0. -1.  2. ...  0.  0.  0.]
 ...
 [ 0.  0.  0. ...  2. -1.  0.]
 [ 0.  0.  0. ... -1.  2. -1.]
 [ 0.  0.  0. ...  0. -1.  2.]] 
with the shape (100, 100)
INFO:root:
Matrix A:
[[ 4. -1.  0. ...  0.  0.  0.]
 [-1.  4. -1. ...  0.  0.  0.]
 [ 0. -1.  4. ...  0.  0.  0.]
 ...
 [ 0.  0.  0. ...  4. -1.  0.]
 [ 0.  0.  0. ... -1.  4. -1.]
 [ 0.  0.  0. ...  0. -1.  4.]] 
with the shape (10000, 10000)
INFO:root:time elapsed: 27.191133s
INFO:root:
----------parameters----------
seed: 0
output_path: ./outputs/fem
debug: False
grid_size: 100
INFO:root:Convert (100, 100) into (10000, 1)
INFO:root:
Matrix D:
[[ 2. -1.  0. ...  0.  0.  0.]
 [-1.  2. -1. ...  0.  0.  0.]
 [ 0. -1.  2. ...  0.  0.  0.]
 ...
 [ 0.  0.  0. ...  2. -1.  0.]
 [ 0.  0.  0. ... -1.  2. -1.]
 [ 0.  0.  0. ...  0. -1.  2.]] 
with the shape (100, 100)
INFO:root:
Matrix A:
[[ 4. -1.  0. ...  0.  0.  0.]
 [-1.  4. -1. ...  0.  0.  0.]
 [ 0. -1.  4. ...  0.  0.  0.]
 ...
 [ 0.  0.  0. ...  4. -1.  0.]
 [ 0.  0.  0. ... -1.  4. -1.]
 [ 0.  0.  0. ...  0. -1.  4.]] 
with the shape (10000, 10000)
INFO:root:time elapsed: 26.709521s
INFO:root:
----------parameters----------
seed: 0
output_path: ./outputs/fem
debug: False
grid_size: 100
INFO:root:Convert (100, 100) into (10000, 1)
INFO:root:
Matrix D:
[[ 2. -1.  0. ...  0.  0.  0.]
 [-1.  2. -1. ...  0.  0.  0.]
 [ 0. -1.  2. ...  0.  0.  0.]
 ...
 [ 0.  0.  0. ...  2. -1.  0.]
 [ 0.  0.  0. ... -1.  2. -1.]
 [ 0.  0.  0. ...  0. -1.  2.]] 
with the shape (100, 100)
INFO:root:
Matrix A:
[[ 4. -1.  0. ...  0.  0.  0.]
 [-1.  4. -1. ...  0.  0.  0.]
 [ 0. -1.  4. ...  0.  0.  0.]
 ...
 [ 0.  0.  0. ...  4. -1.  0.]
 [ 0.  0.  0. ... -1.  4. -1.]
 [ 0.  0.  0. ...  0. -1.  4.]] 
with the shape (10000, 10000)
INFO:root:time elapsed: 25.495267s
